[2016-07-26 05:12:32] production.ERROR: exception 'ErrorException' with message 'file_put_contents(/home/phpindex/laravel-blog/app/storage/sessions/da65a10188f83db0cf396c6fcab0b856129e699e): failed to open stream: Permission denied' in /home/phpindex/laravel-blog/vendor/laravel/framework/src/Illuminate/Filesystem/Filesystem.php:69
Stack trace:
#0 [internal function]: Illuminate\Exception\Handler->handleError(2, 'file_put_conten...', '/home/phpindex/...', 69, Array)
#1 /home/phpindex/laravel-blog/vendor/laravel/framework/src/Illuminate/Filesystem/Filesystem.php(69): file_put_contents('/home/phpindex/...', 'a:3:{s:6:"_toke...')
#2 /home/phpindex/laravel-blog/vendor/laravel/framework/src/Illuminate/Session/FileSessionHandler.php(69): Illuminate\Filesystem\Filesystem->put('/home/phpindex/...', 'a:3:{s:6:"_toke...')
#3 /home/phpindex/laravel-blog/vendor/laravel/framework/src/Illuminate/Session/Store.php(236): Illuminate\Session\FileSessionHandler->write('da65a10188f83db...', 'a:3:{s:6:"_toke...')
#4 /home/phpindex/laravel-blog/vendor/laravel/framework/src/Illuminate/Session/Middleware.php(126): Illuminate\Session\Store->save()
#5 /home/phpindex/laravel-blog/vendor/laravel/framework/src/Illuminate/Session/Middleware.php(79): Illuminate\Session\Middleware->closeSession(Object(Illuminate\Session\Store))
#6 /home/phpindex/laravel-blog/vendor/laravel/framework/src/Illuminate/Cookie/Queue.php(47): Illuminate\Session\Middleware->handle(Object(Illuminate\Http\Request), 1, true)
#7 /home/phpindex/laravel-blog/vendor/laravel/framework/src/Illuminate/Cookie/Guard.php(51): Illuminate\Cookie\Queue->handle(Object(Illuminate\Http\Request), 1, true)
#8 /home/phpindex/laravel-blog/vendor/stack/builder/src/Stack/StackedHttpKernel.php(23): Illuminate\Cookie\Guard->handle(Object(Illuminate\Http\Request), 1, true)
#9 /home/phpindex/laravel-blog/vendor/laravel/framework/src/Illuminate/Foundation/Application.php(641): Stack\StackedHttpKernel->handle(Object(Illuminate\Http\Request))
#10 /home/phpindex/laravel-blog/public/index.php(49): Illuminate\Foundation\Application->run()
#11 {main} [] []
[2016-07-26 09:20:09] production.ERROR: exception 'Symfony\Component\HttpKernel\Exception\NotFoundHttpException' in /home/phpindex/laravel-blog/vendor/laravel/framework/src/Illuminate/Routing/RouteCollection.php:148
Stack trace:
#0 /home/phpindex/laravel-blog/vendor/laravel/framework/src/Illuminate/Routing/Router.php(1049): Illuminate\Routing\RouteCollection->match(Object(Illuminate\Http\Request))
#1 /home/phpindex/laravel-blog/vendor/laravel/framework/src/Illuminate/Routing/Router.php(1017): Illuminate\Routing\Router->findRoute(Object(Illuminate\Http\Request))
#2 /home/phpindex/laravel-blog/vendor/laravel/framework/src/Illuminate/Routing/Router.php(996): Illuminate\Routing\Router->dispatchToRoute(Object(Illuminate\Http\Request))
#3 /home/phpindex/laravel-blog/vendor/laravel/framework/src/Illuminate/Foundation/Application.php(775): Illuminate\Routing\Router->dispatch(Object(Illuminate\Http\Request))
#4 /home/phpindex/laravel-blog/vendor/laravel/framework/src/Illuminate/Foundation/Application.php(745): Illuminate\Foundation\Application->dispatch(Object(Illuminate\Http\Request))
#5 /home/phpindex/laravel-blog/vendor/laravel/framework/src/Illuminate/Session/Middleware.php(72): Illuminate\Foundation\Application->handle(Object(Illuminate\Http\Request), 1, true)
#6 /home/phpindex/laravel-blog/vendor/laravel/framework/src/Illuminate/Cookie/Queue.php(47): Illuminate\Session\Middleware->handle(Object(Illuminate\Http\Request), 1, true)
#7 /home/phpindex/laravel-blog/vendor/laravel/framework/src/Illuminate/Cookie/Guard.php(51): Illuminate\Cookie\Queue->handle(Object(Illuminate\Http\Request), 1, true)
#8 /home/phpindex/laravel-blog/vendor/stack/builder/src/Stack/StackedHttpKernel.php(23): Illuminate\Cookie\Guard->handle(Object(Illuminate\Http\Request), 1, true)
#9 /home/phpindex/laravel-blog/vendor/laravel/framework/src/Illuminate/Foundation/Application.php(641): Stack\StackedHttpKernel->handle(Object(Illuminate\Http\Request))
#10 /home/phpindex/laravel-blog/public/index.php(49): Illuminate\Foundation\Application->run()
#11 {main} [] []
[2016-07-26 10:08:08] production.ERROR: exception 'Symfony\Component\HttpKernel\Exception\NotFoundHttpException' in /home/phpindex/laravel-blog/vendor/laravel/framework/src/Illuminate/Routing/RouteCollection.php:148
Stack trace:
#0 /home/phpindex/laravel-blog/vendor/laravel/framework/src/Illuminate/Routing/Router.php(1049): Illuminate\Routing\RouteCollection->match(Object(Illuminate\Http\Request))
#1 /home/phpindex/laravel-blog/vendor/laravel/framework/src/Illuminate/Routing/Router.php(1017): Illuminate\Routing\Router->findRoute(Object(Illuminate\Http\Request))
#2 /home/phpindex/laravel-blog/vendor/laravel/framework/src/Illuminate/Routing/Router.php(996): Illuminate\Routing\Router->dispatchToRoute(Object(Illuminate\Http\Request))
#3 /home/phpindex/laravel-blog/vendor/laravel/framework/src/Illuminate/Foundation/Application.php(775): Illuminate\Routing\Router->dispatch(Object(Illuminate\Http\Request))
#4 /home/phpindex/laravel-blog/vendor/laravel/framework/src/Illuminate/Foundation/Application.php(745): Illuminate\Foundation\Application->dispatch(Object(Illuminate\Http\Request))
#5 /home/phpindex/laravel-blog/vendor/laravel/framework/src/Illuminate/Session/Middleware.php(72): Illuminate\Foundation\Application->handle(Object(Illuminate\Http\Request), 1, true)
#6 /home/phpindex/laravel-blog/vendor/laravel/framework/src/Illuminate/Cookie/Queue.php(47): Illuminate\Session\Middleware->handle(Object(Illuminate\Http\Request), 1, true)
#7 /home/phpindex/laravel-blog/vendor/laravel/framework/src/Illuminate/Cookie/Guard.php(51): Illuminate\Cookie\Queue->handle(Object(Illuminate\Http\Request), 1, true)
#8 /home/phpindex/laravel-blog/vendor/stack/builder/src/Stack/StackedHttpKernel.php(23): Illuminate\Cookie\Guard->handle(Object(Illuminate\Http\Request), 1, true)
#9 /home/phpindex/laravel-blog/vendor/laravel/framework/src/Illuminate/Foundation/Application.php(641): Stack\StackedHttpKernel->handle(Object(Illuminate\Http\Request))
#10 /home/phpindex/laravel-blog/public/index.php(49): Illuminate\Foundation\Application->run()
#11 {main} [] []
[2016-07-26 10:48:26] production.ERROR: exception 'Symfony\Component\HttpKernel\Exception\NotFoundHttpException' in /home/phpindex/laravel-blog/vendor/laravel/framework/src/Illuminate/Routing/RouteCollection.php:148
Stack trace:
#0 /home/phpindex/laravel-blog/vendor/laravel/framework/src/Illuminate/Routing/Router.php(1049): Illuminate\Routing\RouteCollection->match(Object(Illuminate\Http\Request))
#1 /home/phpindex/laravel-blog/vendor/laravel/framework/src/Illuminate/Routing/Router.php(1017): Illuminate\Routing\Router->findRoute(Object(Illuminate\Http\Request))
#2 /home/phpindex/laravel-blog/vendor/laravel/framework/src/Illuminate/Routing/Router.php(996): Illuminate\Routing\Router->dispatchToRoute(Object(Illuminate\Http\Request))
#3 /home/phpindex/laravel-blog/vendor/laravel/framework/src/Illuminate/Foundation/Application.php(775): Illuminate\Routing\Router->dispatch(Object(Illuminate\Http\Request))
#4 /home/phpindex/laravel-blog/vendor/laravel/framework/src/Illuminate/Foundation/Application.php(745): Illuminate\Foundation\Application->dispatch(Object(Illuminate\Http\Request))
#5 /home/phpindex/laravel-blog/vendor/laravel/framework/src/Illuminate/Session/Middleware.php(72): Illuminate\Foundation\Application->handle(Object(Illuminate\Http\Request), 1, true)
#6 /home/phpindex/laravel-blog/vendor/laravel/framework/src/Illuminate/Cookie/Queue.php(47): Illuminate\Session\Middleware->handle(Object(Illuminate\Http\Request), 1, true)
#7 /home/phpindex/laravel-blog/vendor/laravel/framework/src/Illuminate/Cookie/Guard.php(51): Illuminate\Cookie\Queue->handle(Object(Illuminate\Http\Request), 1, true)
#8 /home/phpindex/laravel-blog/vendor/stack/builder/src/Stack/StackedHttpKernel.php(23): Illuminate\Cookie\Guard->handle(Object(Illuminate\Http\Request), 1, true)
#9 /home/phpindex/laravel-blog/vendor/laravel/framework/src/Illuminate/Foundation/Application.php(641): Stack\StackedHttpKernel->handle(Object(Illuminate\Http\Request))
#10 /home/phpindex/laravel-blog/public/index.php(49): Illuminate\Foundation\Application->run()
#11 {main} [] []
[2016-07-26 12:25:17] production.ERROR: exception 'PDOException' with message 'could not find driver' in /home/phpindex/laravel-blog/vendor/laravel/framework/src/Illuminate/Database/Connectors/Connector.php:47
Stack trace:
#0 /home/phpindex/laravel-blog/vendor/laravel/framework/src/Illuminate/Database/Connectors/Connector.php(47): PDO->__construct('mysql:host=114....', 'root', '19840321', Array)
#1 /home/phpindex/laravel-blog/vendor/laravel/framework/src/Illuminate/Database/Connectors/MySqlConnector.php(20): Illuminate\Database\Connectors\Connector->createConnection('mysql:host=114....', Array, Array)
#2 /home/phpindex/laravel-blog/vendor/laravel/framework/src/Illuminate/Database/Connectors/ConnectionFactory.php(57): Illuminate\Database\Connectors\MySqlConnector->connect(Array)
#3 /home/phpindex/laravel-blog/vendor/laravel/framework/src/Illuminate/Database/Connectors/ConnectionFactory.php(46): Illuminate\Database\Connectors\ConnectionFactory->createSingleConnection(Array)
#4 /home/phpindex/laravel-blog/vendor/laravel/framework/src/Illuminate/Database/DatabaseManager.php(176): Illuminate\Database\Connectors\ConnectionFactory->make(Array, 'mysql')
#5 /home/phpindex/laravel-blog/vendor/laravel/framework/src/Illuminate/Database/DatabaseManager.php(64): Illuminate\Database\DatabaseManager->makeConnection('mysql')
#6 /home/phpindex/laravel-blog/vendor/laravel/framework/src/Illuminate/Database/Migrations/DatabaseMigrationRepository.php(167): Illuminate\Database\DatabaseManager->connection(NULL)
#7 /home/phpindex/laravel-blog/vendor/laravel/framework/src/Illuminate/Database/Migrations/DatabaseMigrationRepository.php(135): Illuminate\Database\Migrations\DatabaseMigrationRepository->getConnection()
#8 /home/phpindex/laravel-blog/vendor/laravel/framework/src/Illuminate/Database/Migrations/Migrator.php(371): Illuminate\Database\Migrations\DatabaseMigrationRepository->repositoryExists()
#9 /home/phpindex/laravel-blog/vendor/laravel/framework/src/Illuminate/Database/Console/Migrations/MigrateCommand.php(98): Illuminate\Database\Migrations\Migrator->repositoryExists()
#10 /home/phpindex/laravel-blog/vendor/laravel/framework/src/Illuminate/Database/Console/Migrations/MigrateCommand.php(61): Illuminate\Database\Console\Migrations\MigrateCommand->prepareDatabase()
#11 /home/phpindex/laravel-blog/vendor/laravel/framework/src/Illuminate/Console/Command.php(112): Illuminate\Database\Console\Migrations\MigrateCommand->fire()
#12 /home/phpindex/laravel-blog/vendor/symfony/console/Symfony/Component/Console/Command/Command.php(253): Illuminate\Console\Command->execute(Object(Symfony\Component\Console\Input\ArgvInput), Object(Symfony\Component\Console\Output\ConsoleOutput))
#13 /home/phpindex/laravel-blog/vendor/laravel/framework/src/Illuminate/Console/Command.php(100): Symfony\Component\Console\Command\Command->run(Object(Symfony\Component\Console\Input\ArgvInput), Object(Symfony\Component\Console\Output\ConsoleOutput))
#14 /home/phpindex/laravel-blog/vendor/symfony/console/Symfony/Component/Console/Application.php(889): Illuminate\Console\Command->run(Object(Symfony\Component\Console\Input\ArgvInput), Object(Symfony\Component\Console\Output\ConsoleOutput))
#15 /home/phpindex/laravel-blog/vendor/symfony/console/Symfony/Component/Console/Application.php(193): Symfony\Component\Console\Application->doRunCommand(Object(Illuminate\Database\Console\Migrations\MigrateCommand), Object(Symfony\Component\Console\Input\ArgvInput), Object(Symfony\Component\Console\Output\ConsoleOutput))
#16 /home/phpindex/laravel-blog/vendor/symfony/console/Symfony/Component/Console/Application.php(124): Symfony\Component\Console\Application->doRun(Object(Symfony\Component\Console\Input\ArgvInput), Object(Symfony\Component\Console\Output\ConsoleOutput))
#17 /home/phpindex/laravel-blog/artisan(59): Symfony\Component\Console\Application->run()
#18 {main} [] []
[2016-07-26 12:25:29] production.ERROR: exception 'PDOException' with message 'could not find driver' in /home/phpindex/laravel-blog/vendor/laravel/framework/src/Illuminate/Database/Connectors/Connector.php:47
Stack trace:
#0 /home/phpindex/laravel-blog/vendor/laravel/framework/src/Illuminate/Database/Connectors/Connector.php(47): PDO->__construct('mysql:host=114....', 'root', '19840321', Array)
#1 /home/phpindex/laravel-blog/vendor/laravel/framework/src/Illuminate/Database/Connectors/MySqlConnector.php(20): Illuminate\Database\Connectors\Connector->createConnection('mysql:host=114....', Array, Array)
#2 /home/phpindex/laravel-blog/vendor/laravel/framework/src/Illuminate/Database/Connectors/ConnectionFactory.php(57): Illuminate\Database\Connectors\MySqlConnector->connect(Array)
#3 /home/phpindex/laravel-blog/vendor/laravel/framework/src/Illuminate/Database/Connectors/ConnectionFactory.php(46): Illuminate\Database\Connectors\ConnectionFactory->createSingleConnection(Array)
#4 /home/phpindex/laravel-blog/vendor/laravel/framework/src/Illuminate/Database/DatabaseManager.php(176): Illuminate\Database\Connectors\ConnectionFactory->make(Array, 'mysql')
#5 /home/phpindex/laravel-blog/vendor/laravel/framework/src/Illuminate/Database/DatabaseManager.php(64): Illuminate\Database\DatabaseManager->makeConnection('mysql')
#6 /home/phpindex/laravel-blog/vendor/laravel/framework/src/Illuminate/Database/Migrations/DatabaseMigrationRepository.php(167): Illuminate\Database\DatabaseManager->connection(NULL)
#7 /home/phpindex/laravel-blog/vendor/laravel/framework/src/Illuminate/Database/Migrations/DatabaseMigrationRepository.php(135): Illuminate\Database\Migrations\DatabaseMigrationRepository->getConnection()
#8 /home/phpindex/laravel-blog/vendor/laravel/framework/src/Illuminate/Database/Migrations/Migrator.php(371): Illuminate\Database\Migrations\DatabaseMigrationRepository->repositoryExists()
#9 /home/phpindex/laravel-blog/vendor/laravel/framework/src/Illuminate/Database/Console/Migrations/MigrateCommand.php(98): Illuminate\Database\Migrations\Migrator->repositoryExists()
#10 /home/phpindex/laravel-blog/vendor/laravel/framework/src/Illuminate/Database/Console/Migrations/MigrateCommand.php(61): Illuminate\Database\Console\Migrations\MigrateCommand->prepareDatabase()
#11 /home/phpindex/laravel-blog/vendor/laravel/framework/src/Illuminate/Console/Command.php(112): Illuminate\Database\Console\Migrations\MigrateCommand->fire()
#12 /home/phpindex/laravel-blog/vendor/symfony/console/Symfony/Component/Console/Command/Command.php(253): Illuminate\Console\Command->execute(Object(Symfony\Component\Console\Input\ArgvInput), Object(Symfony\Component\Console\Output\ConsoleOutput))
#13 /home/phpindex/laravel-blog/vendor/laravel/framework/src/Illuminate/Console/Command.php(100): Symfony\Component\Console\Command\Command->run(Object(Symfony\Component\Console\Input\ArgvInput), Object(Symfony\Component\Console\Output\ConsoleOutput))
#14 /home/phpindex/laravel-blog/vendor/symfony/console/Symfony/Component/Console/Application.php(889): Illuminate\Console\Command->run(Object(Symfony\Component\Console\Input\ArgvInput), Object(Symfony\Component\Console\Output\ConsoleOutput))
#15 /home/phpindex/laravel-blog/vendor/symfony/console/Symfony/Component/Console/Application.php(193): Symfony\Component\Console\Application->doRunCommand(Object(Illuminate\Database\Console\Migrations\MigrateCommand), Object(Symfony\Component\Console\Input\ArgvInput), Object(Symfony\Component\Console\Output\ConsoleOutput))
#16 /home/phpindex/laravel-blog/vendor/symfony/console/Symfony/Component/Console/Application.php(124): Symfony\Component\Console\Application->doRun(Object(Symfony\Component\Console\Input\ArgvInput), Object(Symfony\Component\Console\Output\ConsoleOutput))
#17 /home/phpindex/laravel-blog/artisan(59): Symfony\Component\Console\Application->run()
#18 {main} [] []
[2016-07-26 13:55:51] production.ERROR: exception 'Symfony\Component\HttpKernel\Exception\NotFoundHttpException' in /home/phpindex/laravel-blog/vendor/laravel/framework/src/Illuminate/Routing/RouteCollection.php:148
Stack trace:
#0 /home/phpindex/laravel-blog/vendor/laravel/framework/src/Illuminate/Routing/Router.php(1049): Illuminate\Routing\RouteCollection->match(Object(Illuminate\Http\Request))
#1 /home/phpindex/laravel-blog/vendor/laravel/framework/src/Illuminate/Routing/Router.php(1017): Illuminate\Routing\Router->findRoute(Object(Illuminate\Http\Request))
#2 /home/phpindex/laravel-blog/vendor/laravel/framework/src/Illuminate/Routing/Router.php(996): Illuminate\Routing\Router->dispatchToRoute(Object(Illuminate\Http\Request))
#3 /home/phpindex/laravel-blog/vendor/laravel/framework/src/Illuminate/Foundation/Application.php(775): Illuminate\Routing\Router->dispatch(Object(Illuminate\Http\Request))
#4 /home/phpindex/laravel-blog/vendor/laravel/framework/src/Illuminate/Foundation/Application.php(745): Illuminate\Foundation\Application->dispatch(Object(Illuminate\Http\Request))
#5 /home/phpindex/laravel-blog/vendor/laravel/framework/src/Illuminate/Session/Middleware.php(72): Illuminate\Foundation\Application->handle(Object(Illuminate\Http\Request), 1, true)
#6 /home/phpindex/laravel-blog/vendor/laravel/framework/src/Illuminate/Cookie/Queue.php(47): Illuminate\Session\Middleware->handle(Object(Illuminate\Http\Request), 1, true)
#7 /home/phpindex/laravel-blog/vendor/laravel/framework/src/Illuminate/Cookie/Guard.php(51): Illuminate\Cookie\Queue->handle(Object(Illuminate\Http\Request), 1, true)
#8 /home/phpindex/laravel-blog/vendor/stack/builder/src/Stack/StackedHttpKernel.php(23): Illuminate\Cookie\Guard->handle(Object(Illuminate\Http\Request), 1, true)
#9 /home/phpindex/laravel-blog/vendor/laravel/framework/src/Illuminate/Foundation/Application.php(641): Stack\StackedHttpKernel->handle(Object(Illuminate\Http\Request))
#10 /home/phpindex/laravel-blog/public/index.php(49): Illuminate\Foundation\Application->run()
#11 {main} [] []
[2016-07-27 00:05:46] production.ERROR: exception 'Symfony\Component\HttpKernel\Exception\NotFoundHttpException' in /home/phpindex/laravel-blog/vendor/laravel/framework/src/Illuminate/Routing/RouteCollection.php:148
Stack trace:
#0 /home/phpindex/laravel-blog/vendor/laravel/framework/src/Illuminate/Routing/Router.php(1049): Illuminate\Routing\RouteCollection->match(Object(Illuminate\Http\Request))
#1 /home/phpindex/laravel-blog/vendor/laravel/framework/src/Illuminate/Routing/Router.php(1017): Illuminate\Routing\Router->findRoute(Object(Illuminate\Http\Request))
#2 /home/phpindex/laravel-blog/vendor/laravel/framework/src/Illuminate/Routing/Router.php(996): Illuminate\Routing\Router->dispatchToRoute(Object(Illuminate\Http\Request))
#3 /home/phpindex/laravel-blog/vendor/laravel/framework/src/Illuminate/Foundation/Application.php(775): Illuminate\Routing\Router->dispatch(Object(Illuminate\Http\Request))
#4 /home/phpindex/laravel-blog/vendor/laravel/framework/src/Illuminate/Foundation/Application.php(745): Illuminate\Foundation\Application->dispatch(Object(Illuminate\Http\Request))
#5 /home/phpindex/laravel-blog/vendor/laravel/framework/src/Illuminate/Session/Middleware.php(72): Illuminate\Foundation\Application->handle(Object(Illuminate\Http\Request), 1, true)
#6 /home/phpindex/laravel-blog/vendor/laravel/framework/src/Illuminate/Cookie/Queue.php(47): Illuminate\Session\Middleware->handle(Object(Illuminate\Http\Request), 1, true)
#7 /home/phpindex/laravel-blog/vendor/laravel/framework/src/Illuminate/Cookie/Guard.php(51): Illuminate\Cookie\Queue->handle(Object(Illuminate\Http\Request), 1, true)
#8 /home/phpindex/laravel-blog/vendor/stack/builder/src/Stack/StackedHttpKernel.php(23): Illuminate\Cookie\Guard->handle(Object(Illuminate\Http\Request), 1, true)
#9 /home/phpindex/laravel-blog/vendor/laravel/framework/src/Illuminate/Foundation/Application.php(641): Stack\StackedHttpKernel->handle(Object(Illuminate\Http\Request))
#10 /home/phpindex/laravel-blog/public/index.php(49): Illuminate\Foundation\Application->run()
#11 {main} [] []
[2016-07-27 00:56:34] production.ERROR: exception 'Symfony\Component\HttpKernel\Exception\NotFoundHttpException' in /home/phpindex/laravel-blog/vendor/laravel/framework/src/Illuminate/Routing/RouteCollection.php:148
Stack trace:
#0 /home/phpindex/laravel-blog/vendor/laravel/framework/src/Illuminate/Routing/Router.php(1049): Illuminate\Routing\RouteCollection->match(Object(Illuminate\Http\Request))
#1 /home/phpindex/laravel-blog/vendor/laravel/framework/src/Illuminate/Routing/Router.php(1017): Illuminate\Routing\Router->findRoute(Object(Illuminate\Http\Request))
#2 /home/phpindex/laravel-blog/vendor/laravel/framework/src/Illuminate/Routing/Router.php(996): Illuminate\Routing\Router->dispatchToRoute(Object(Illuminate\Http\Request))
#3 /home/phpindex/laravel-blog/vendor/laravel/framework/src/Illuminate/Foundation/Application.php(775): Illuminate\Routing\Router->dispatch(Object(Illuminate\Http\Request))
#4 /home/phpindex/laravel-blog/vendor/laravel/framework/src/Illuminate/Foundation/Application.php(745): Illuminate\Foundation\Application->dispatch(Object(Illuminate\Http\Request))
#5 /home/phpindex/laravel-blog/vendor/laravel/framework/src/Illuminate/Session/Middleware.php(72): Illuminate\Foundation\Application->handle(Object(Illuminate\Http\Request), 1, true)
#6 /home/phpindex/laravel-blog/vendor/laravel/framework/src/Illuminate/Cookie/Queue.php(47): Illuminate\Session\Middleware->handle(Object(Illuminate\Http\Request), 1, true)
#7 /home/phpindex/laravel-blog/vendor/laravel/framework/src/Illuminate/Cookie/Guard.php(51): Illuminate\Cookie\Queue->handle(Object(Illuminate\Http\Request), 1, true)
#8 /home/phpindex/laravel-blog/vendor/stack/builder/src/Stack/StackedHttpKernel.php(23): Illuminate\Cookie\Guard->handle(Object(Illuminate\Http\Request), 1, true)
#9 /home/phpindex/laravel-blog/vendor/laravel/framework/src/Illuminate/Foundation/Application.php(641): Stack\StackedHttpKernel->handle(Object(Illuminate\Http\Request))
#10 /home/phpindex/laravel-blog/public/index.php(49): Illuminate\Foundation\Application->run()
#11 {main} [] []
[2016-07-27 01:28:02] production.ERROR: exception 'Symfony\Component\HttpKernel\Exception\NotFoundHttpException' in /home/phpindex/laravel-blog/vendor/laravel/framework/src/Illuminate/Routing/RouteCollection.php:148
Stack trace:
#0 /home/phpindex/laravel-blog/vendor/laravel/framework/src/Illuminate/Routing/Router.php(1049): Illuminate\Routing\RouteCollection->match(Object(Illuminate\Http\Request))
#1 /home/phpindex/laravel-blog/vendor/laravel/framework/src/Illuminate/Routing/Router.php(1017): Illuminate\Routing\Router->findRoute(Object(Illuminate\Http\Request))
#2 /home/phpindex/laravel-blog/vendor/laravel/framework/src/Illuminate/Routing/Router.php(996): Illuminate\Routing\Router->dispatchToRoute(Object(Illuminate\Http\Request))
#3 /home/phpindex/laravel-blog/vendor/laravel/framework/src/Illuminate/Foundation/Application.php(775): Illuminate\Routing\Router->dispatch(Object(Illuminate\Http\Request))
#4 /home/phpindex/laravel-blog/vendor/laravel/framework/src/Illuminate/Foundation/Application.php(745): Illuminate\Foundation\Application->dispatch(Object(Illuminate\Http\Request))
#5 /home/phpindex/laravel-blog/vendor/laravel/framework/src/Illuminate/Session/Middleware.php(72): Illuminate\Foundation\Application->handle(Object(Illuminate\Http\Request), 1, true)
#6 /home/phpindex/laravel-blog/vendor/laravel/framework/src/Illuminate/Cookie/Queue.php(47): Illuminate\Session\Middleware->handle(Object(Illuminate\Http\Request), 1, true)
#7 /home/phpindex/laravel-blog/vendor/laravel/framework/src/Illuminate/Cookie/Guard.php(51): Illuminate\Cookie\Queue->handle(Object(Illuminate\Http\Request), 1, true)
#8 /home/phpindex/laravel-blog/vendor/stack/builder/src/Stack/StackedHttpKernel.php(23): Illuminate\Cookie\Guard->handle(Object(Illuminate\Http\Request), 1, true)
#9 /home/phpindex/laravel-blog/vendor/laravel/framework/src/Illuminate/Foundation/Application.php(641): Stack\StackedHttpKernel->handle(Object(Illuminate\Http\Request))
#10 /home/phpindex/laravel-blog/public/index.php(49): Illuminate\Foundation\Application->run()
#11 {main} [] []
[2016-07-27 03:12:02] production.ERROR: exception 'Symfony\Component\HttpKernel\Exception\NotFoundHttpException' in /home/phpindex/laravel-blog/vendor/laravel/framework/src/Illuminate/Routing/RouteCollection.php:148
Stack trace:
#0 /home/phpindex/laravel-blog/vendor/laravel/framework/src/Illuminate/Routing/Router.php(1049): Illuminate\Routing\RouteCollection->match(Object(Illuminate\Http\Request))
#1 /home/phpindex/laravel-blog/vendor/laravel/framework/src/Illuminate/Routing/Router.php(1017): Illuminate\Routing\Router->findRoute(Object(Illuminate\Http\Request))
#2 /home/phpindex/laravel-blog/vendor/laravel/framework/src/Illuminate/Routing/Router.php(996): Illuminate\Routing\Router->dispatchToRoute(Object(Illuminate\Http\Request))
#3 /home/phpindex/laravel-blog/vendor/laravel/framework/src/Illuminate/Foundation/Application.php(775): Illuminate\Routing\Router->dispatch(Object(Illuminate\Http\Request))
#4 /home/phpindex/laravel-blog/vendor/laravel/framework/src/Illuminate/Foundation/Application.php(745): Illuminate\Foundation\Application->dispatch(Object(Illuminate\Http\Request))
#5 /home/phpindex/laravel-blog/vendor/laravel/framework/src/Illuminate/Session/Middleware.php(72): Illuminate\Foundation\Application->handle(Object(Illuminate\Http\Request), 1, true)
#6 /home/phpindex/laravel-blog/vendor/laravel/framework/src/Illuminate/Cookie/Queue.php(47): Illuminate\Session\Middleware->handle(Object(Illuminate\Http\Request), 1, true)
#7 /home/phpindex/laravel-blog/vendor/laravel/framework/src/Illuminate/Cookie/Guard.php(51): Illuminate\Cookie\Queue->handle(Object(Illuminate\Http\Request), 1, true)
#8 /home/phpindex/laravel-blog/vendor/stack/builder/src/Stack/StackedHttpKernel.php(23): Illuminate\Cookie\Guard->handle(Object(Illuminate\Http\Request), 1, true)
#9 /home/phpindex/laravel-blog/vendor/laravel/framework/src/Illuminate/Foundation/Application.php(641): Stack\StackedHttpKernel->handle(Object(Illuminate\Http\Request))
#10 /home/phpindex/laravel-blog/public/index.php(49): Illuminate\Foundation\Application->run()
#11 {main} [] []
[2016-07-27 04:34:35] production.ERROR: exception 'Symfony\Component\HttpKernel\Exception\NotFoundHttpException' in /home/phpindex/laravel-blog/vendor/laravel/framework/src/Illuminate/Routing/RouteCollection.php:148
Stack trace:
#0 /home/phpindex/laravel-blog/vendor/laravel/framework/src/Illuminate/Routing/Router.php(1049): Illuminate\Routing\RouteCollection->match(Object(Illuminate\Http\Request))
#1 /home/phpindex/laravel-blog/vendor/laravel/framework/src/Illuminate/Routing/Router.php(1017): Illuminate\Routing\Router->findRoute(Object(Illuminate\Http\Request))
#2 /home/phpindex/laravel-blog/vendor/laravel/framework/src/Illuminate/Routing/Router.php(996): Illuminate\Routing\Router->dispatchToRoute(Object(Illuminate\Http\Request))
#3 /home/phpindex/laravel-blog/vendor/laravel/framework/src/Illuminate/Foundation/Application.php(775): Illuminate\Routing\Router->dispatch(Object(Illuminate\Http\Request))
#4 /home/phpindex/laravel-blog/vendor/laravel/framework/src/Illuminate/Foundation/Application.php(745): Illuminate\Foundation\Application->dispatch(Object(Illuminate\Http\Request))
#5 /home/phpindex/laravel-blog/vendor/laravel/framework/src/Illuminate/Session/Middleware.php(72): Illuminate\Foundation\Application->handle(Object(Illuminate\Http\Request), 1, true)
#6 /home/phpindex/laravel-blog/vendor/laravel/framework/src/Illuminate/Cookie/Queue.php(47): Illuminate\Session\Middleware->handle(Object(Illuminate\Http\Request), 1, true)
#7 /home/phpindex/laravel-blog/vendor/laravel/framework/src/Illuminate/Cookie/Guard.php(51): Illuminate\Cookie\Queue->handle(Object(Illuminate\Http\Request), 1, true)
#8 /home/phpindex/laravel-blog/vendor/stack/builder/src/Stack/StackedHttpKernel.php(23): Illuminate\Cookie\Guard->handle(Object(Illuminate\Http\Request), 1, true)
#9 /home/phpindex/laravel-blog/vendor/laravel/framework/src/Illuminate/Foundation/Application.php(641): Stack\StackedHttpKernel->handle(Object(Illuminate\Http\Request))
#10 /home/phpindex/laravel-blog/public/index.php(49): Illuminate\Foundation\Application->run()
#11 {main} [] []
[2016-07-27 06:32:39] production.ERROR: exception 'Symfony\Component\HttpKernel\Exception\NotFoundHttpException' in /home/phpindex/laravel-blog/vendor/laravel/framework/src/Illuminate/Routing/RouteCollection.php:148
Stack trace:
#0 /home/phpindex/laravel-blog/vendor/laravel/framework/src/Illuminate/Routing/Router.php(1049): Illuminate\Routing\RouteCollection->match(Object(Illuminate\Http\Request))
#1 /home/phpindex/laravel-blog/vendor/laravel/framework/src/Illuminate/Routing/Router.php(1017): Illuminate\Routing\Router->findRoute(Object(Illuminate\Http\Request))
#2 /home/phpindex/laravel-blog/vendor/laravel/framework/src/Illuminate/Routing/Router.php(996): Illuminate\Routing\Router->dispatchToRoute(Object(Illuminate\Http\Request))
#3 /home/phpindex/laravel-blog/vendor/laravel/framework/src/Illuminate/Foundation/Application.php(775): Illuminate\Routing\Router->dispatch(Object(Illuminate\Http\Request))
#4 /home/phpindex/laravel-blog/vendor/laravel/framework/src/Illuminate/Foundation/Application.php(745): Illuminate\Foundation\Application->dispatch(Object(Illuminate\Http\Request))
#5 /home/phpindex/laravel-blog/vendor/laravel/framework/src/Illuminate/Session/Middleware.php(72): Illuminate\Foundation\Application->handle(Object(Illuminate\Http\Request), 1, true)
#6 /home/phpindex/laravel-blog/vendor/laravel/framework/src/Illuminate/Cookie/Queue.php(47): Illuminate\Session\Middleware->handle(Object(Illuminate\Http\Request), 1, true)
#7 /home/phpindex/laravel-blog/vendor/laravel/framework/src/Illuminate/Cookie/Guard.php(51): Illuminate\Cookie\Queue->handle(Object(Illuminate\Http\Request), 1, true)
#8 /home/phpindex/laravel-blog/vendor/stack/builder/src/Stack/StackedHttpKernel.php(23): Illuminate\Cookie\Guard->handle(Object(Illuminate\Http\Request), 1, true)
#9 /home/phpindex/laravel-blog/vendor/laravel/framework/src/Illuminate/Foundation/Application.php(641): Stack\StackedHttpKernel->handle(Object(Illuminate\Http\Request))
#10 /home/phpindex/laravel-blog/public/index.php(49): Illuminate\Foundation\Application->run()
#11 {main} [] []
[2016-07-27 11:46:57] production.ERROR: exception 'Symfony\Component\HttpKernel\Exception\NotFoundHttpException' in /home/phpindex/laravel-blog/vendor/laravel/framework/src/Illuminate/Routing/RouteCollection.php:148
Stack trace:
#0 /home/phpindex/laravel-blog/vendor/laravel/framework/src/Illuminate/Routing/Router.php(1049): Illuminate\Routing\RouteCollection->match(Object(Illuminate\Http\Request))
#1 /home/phpindex/laravel-blog/vendor/laravel/framework/src/Illuminate/Routing/Router.php(1017): Illuminate\Routing\Router->findRoute(Object(Illuminate\Http\Request))
#2 /home/phpindex/laravel-blog/vendor/laravel/framework/src/Illuminate/Routing/Router.php(996): Illuminate\Routing\Router->dispatchToRoute(Object(Illuminate\Http\Request))
#3 /home/phpindex/laravel-blog/vendor/laravel/framework/src/Illuminate/Foundation/Application.php(775): Illuminate\Routing\Router->dispatch(Object(Illuminate\Http\Request))
#4 /home/phpindex/laravel-blog/vendor/laravel/framework/src/Illuminate/Foundation/Application.php(745): Illuminate\Foundation\Application->dispatch(Object(Illuminate\Http\Request))
#5 /home/phpindex/laravel-blog/vendor/laravel/framework/src/Illuminate/Session/Middleware.php(72): Illuminate\Foundation\Application->handle(Object(Illuminate\Http\Request), 1, true)
#6 /home/phpindex/laravel-blog/vendor/laravel/framework/src/Illuminate/Cookie/Queue.php(47): Illuminate\Session\Middleware->handle(Object(Illuminate\Http\Request), 1, true)
#7 /home/phpindex/laravel-blog/vendor/laravel/framework/src/Illuminate/Cookie/Guard.php(51): Illuminate\Cookie\Queue->handle(Object(Illuminate\Http\Request), 1, true)
#8 /home/phpindex/laravel-blog/vendor/stack/builder/src/Stack/StackedHttpKernel.php(23): Illuminate\Cookie\Guard->handle(Object(Illuminate\Http\Request), 1, true)
#9 /home/phpindex/laravel-blog/vendor/laravel/framework/src/Illuminate/Foundation/Application.php(641): Stack\StackedHttpKernel->handle(Object(Illuminate\Http\Request))
#10 /home/phpindex/laravel-blog/public/index.php(49): Illuminate\Foundation\Application->run()
#11 {main} [] []
[2016-07-27 13:32:11] production.ERROR: exception 'Symfony\Component\HttpKernel\Exception\NotFoundHttpException' in /home/phpindex/laravel-blog/vendor/laravel/framework/src/Illuminate/Routing/RouteCollection.php:148
Stack trace:
#0 /home/phpindex/laravel-blog/vendor/laravel/framework/src/Illuminate/Routing/Router.php(1049): Illuminate\Routing\RouteCollection->match(Object(Illuminate\Http\Request))
#1 /home/phpindex/laravel-blog/vendor/laravel/framework/src/Illuminate/Routing/Router.php(1017): Illuminate\Routing\Router->findRoute(Object(Illuminate\Http\Request))
#2 /home/phpindex/laravel-blog/vendor/laravel/framework/src/Illuminate/Routing/Router.php(996): Illuminate\Routing\Router->dispatchToRoute(Object(Illuminate\Http\Request))
#3 /home/phpindex/laravel-blog/vendor/laravel/framework/src/Illuminate/Foundation/Application.php(775): Illuminate\Routing\Router->dispatch(Object(Illuminate\Http\Request))
#4 /home/phpindex/laravel-blog/vendor/laravel/framework/src/Illuminate/Foundation/Application.php(745): Illuminate\Foundation\Application->dispatch(Object(Illuminate\Http\Request))
#5 /home/phpindex/laravel-blog/vendor/laravel/framework/src/Illuminate/Session/Middleware.php(72): Illuminate\Foundation\Application->handle(Object(Illuminate\Http\Request), 1, true)
#6 /home/phpindex/laravel-blog/vendor/laravel/framework/src/Illuminate/Cookie/Queue.php(47): Illuminate\Session\Middleware->handle(Object(Illuminate\Http\Request), 1, true)
#7 /home/phpindex/laravel-blog/vendor/laravel/framework/src/Illuminate/Cookie/Guard.php(51): Illuminate\Cookie\Queue->handle(Object(Illuminate\Http\Request), 1, true)
#8 /home/phpindex/laravel-blog/vendor/stack/builder/src/Stack/StackedHttpKernel.php(23): Illuminate\Cookie\Guard->handle(Object(Illuminate\Http\Request), 1, true)
#9 /home/phpindex/laravel-blog/vendor/laravel/framework/src/Illuminate/Foundation/Application.php(641): Stack\StackedHttpKernel->handle(Object(Illuminate\Http\Request))
#10 /home/phpindex/laravel-blog/public/index.php(49): Illuminate\Foundation\Application->run()
#11 {main} [] []
[2016-07-27 15:31:43] production.ERROR: exception 'Symfony\Component\HttpKernel\Exception\NotFoundHttpException' in /home/phpindex/laravel-blog/vendor/laravel/framework/src/Illuminate/Routing/RouteCollection.php:148
Stack trace:
#0 /home/phpindex/laravel-blog/vendor/laravel/framework/src/Illuminate/Routing/Router.php(1049): Illuminate\Routing\RouteCollection->match(Object(Illuminate\Http\Request))
#1 /home/phpindex/laravel-blog/vendor/laravel/framework/src/Illuminate/Routing/Router.php(1017): Illuminate\Routing\Router->findRoute(Object(Illuminate\Http\Request))
#2 /home/phpindex/laravel-blog/vendor/laravel/framework/src/Illuminate/Routing/Router.php(996): Illuminate\Routing\Router->dispatchToRoute(Object(Illuminate\Http\Request))
#3 /home/phpindex/laravel-blog/vendor/laravel/framework/src/Illuminate/Foundation/Application.php(775): Illuminate\Routing\Router->dispatch(Object(Illuminate\Http\Request))
#4 /home/phpindex/laravel-blog/vendor/laravel/framework/src/Illuminate/Foundation/Application.php(745): Illuminate\Foundation\Application->dispatch(Object(Illuminate\Http\Request))
#5 /home/phpindex/laravel-blog/vendor/laravel/framework/src/Illuminate/Session/Middleware.php(72): Illuminate\Foundation\Application->handle(Object(Illuminate\Http\Request), 1, true)
#6 /home/phpindex/laravel-blog/vendor/laravel/framework/src/Illuminate/Cookie/Queue.php(47): Illuminate\Session\Middleware->handle(Object(Illuminate\Http\Request), 1, true)
#7 /home/phpindex/laravel-blog/vendor/laravel/framework/src/Illuminate/Cookie/Guard.php(51): Illuminate\Cookie\Queue->handle(Object(Illuminate\Http\Request), 1, true)
#8 /home/phpindex/laravel-blog/vendor/stack/builder/src/Stack/StackedHttpKernel.php(23): Illuminate\Cookie\Guard->handle(Object(Illuminate\Http\Request), 1, true)
#9 /home/phpindex/laravel-blog/vendor/laravel/framework/src/Illuminate/Foundation/Application.php(641): Stack\StackedHttpKernel->handle(Object(Illuminate\Http\Request))
#10 /home/phpindex/laravel-blog/public/index.php(49): Illuminate\Foundation\Application->run()
#11 {main} [] []
[2016-07-27 17:12:35] production.ERROR: exception 'Symfony\Component\HttpKernel\Exception\NotFoundHttpException' in /home/phpindex/laravel-blog/vendor/laravel/framework/src/Illuminate/Routing/RouteCollection.php:148
Stack trace:
#0 /home/phpindex/laravel-blog/vendor/laravel/framework/src/Illuminate/Routing/Router.php(1049): Illuminate\Routing\RouteCollection->match(Object(Illuminate\Http\Request))
#1 /home/phpindex/laravel-blog/vendor/laravel/framework/src/Illuminate/Routing/Router.php(1017): Illuminate\Routing\Router->findRoute(Object(Illuminate\Http\Request))
#2 /home/phpindex/laravel-blog/vendor/laravel/framework/src/Illuminate/Routing/Router.php(996): Illuminate\Routing\Router->dispatchToRoute(Object(Illuminate\Http\Request))
#3 /home/phpindex/laravel-blog/vendor/laravel/framework/src/Illuminate/Foundation/Application.php(775): Illuminate\Routing\Router->dispatch(Object(Illuminate\Http\Request))
#4 /home/phpindex/laravel-blog/vendor/laravel/framework/src/Illuminate/Foundation/Application.php(745): Illuminate\Foundation\Application->dispatch(Object(Illuminate\Http\Request))
#5 /home/phpindex/laravel-blog/vendor/laravel/framework/src/Illuminate/Session/Middleware.php(72): Illuminate\Foundation\Application->handle(Object(Illuminate\Http\Request), 1, true)
#6 /home/phpindex/laravel-blog/vendor/laravel/framework/src/Illuminate/Cookie/Queue.php(47): Illuminate\Session\Middleware->handle(Object(Illuminate\Http\Request), 1, true)
#7 /home/phpindex/laravel-blog/vendor/laravel/framework/src/Illuminate/Cookie/Guard.php(51): Illuminate\Cookie\Queue->handle(Object(Illuminate\Http\Request), 1, true)
#8 /home/phpindex/laravel-blog/vendor/stack/builder/src/Stack/StackedHttpKernel.php(23): Illuminate\Cookie\Guard->handle(Object(Illuminate\Http\Request), 1, true)
#9 /home/phpindex/laravel-blog/vendor/laravel/framework/src/Illuminate/Foundation/Application.php(641): Stack\StackedHttpKernel->handle(Object(Illuminate\Http\Request))
#10 /home/phpindex/laravel-blog/public/index.php(49): Illuminate\Foundation\Application->run()
#11 {main} [] []
[2016-07-27 20:44:20] production.ERROR: exception 'Symfony\Component\HttpKernel\Exception\NotFoundHttpException' in /home/phpindex/laravel-blog/vendor/laravel/framework/src/Illuminate/Routing/RouteCollection.php:148
Stack trace:
#0 /home/phpindex/laravel-blog/vendor/laravel/framework/src/Illuminate/Routing/Router.php(1049): Illuminate\Routing\RouteCollection->match(Object(Illuminate\Http\Request))
#1 /home/phpindex/laravel-blog/vendor/laravel/framework/src/Illuminate/Routing/Router.php(1017): Illuminate\Routing\Router->findRoute(Object(Illuminate\Http\Request))
#2 /home/phpindex/laravel-blog/vendor/laravel/framework/src/Illuminate/Routing/Router.php(996): Illuminate\Routing\Router->dispatchToRoute(Object(Illuminate\Http\Request))
#3 /home/phpindex/laravel-blog/vendor/laravel/framework/src/Illuminate/Foundation/Application.php(775): Illuminate\Routing\Router->dispatch(Object(Illuminate\Http\Request))
#4 /home/phpindex/laravel-blog/vendor/laravel/framework/src/Illuminate/Foundation/Application.php(745): Illuminate\Foundation\Application->dispatch(Object(Illuminate\Http\Request))
#5 /home/phpindex/laravel-blog/vendor/laravel/framework/src/Illuminate/Session/Middleware.php(72): Illuminate\Foundation\Application->handle(Object(Illuminate\Http\Request), 1, true)
#6 /home/phpindex/laravel-blog/vendor/laravel/framework/src/Illuminate/Cookie/Queue.php(47): Illuminate\Session\Middleware->handle(Object(Illuminate\Http\Request), 1, true)
#7 /home/phpindex/laravel-blog/vendor/laravel/framework/src/Illuminate/Cookie/Guard.php(51): Illuminate\Cookie\Queue->handle(Object(Illuminate\Http\Request), 1, true)
#8 /home/phpindex/laravel-blog/vendor/stack/builder/src/Stack/StackedHttpKernel.php(23): Illuminate\Cookie\Guard->handle(Object(Illuminate\Http\Request), 1, true)
#9 /home/phpindex/laravel-blog/vendor/laravel/framework/src/Illuminate/Foundation/Application.php(641): Stack\StackedHttpKernel->handle(Object(Illuminate\Http\Request))
#10 /home/phpindex/laravel-blog/public/index.php(49): Illuminate\Foundation\Application->run()
#11 {main} [] []
[2016-07-28 01:51:35] production.ERROR: exception 'Symfony\Component\HttpKernel\Exception\NotFoundHttpException' in /home/phpindex/laravel-blog/vendor/laravel/framework/src/Illuminate/Routing/RouteCollection.php:148
Stack trace:
#0 /home/phpindex/laravel-blog/vendor/laravel/framework/src/Illuminate/Routing/Router.php(1049): Illuminate\Routing\RouteCollection->match(Object(Illuminate\Http\Request))
#1 /home/phpindex/laravel-blog/vendor/laravel/framework/src/Illuminate/Routing/Router.php(1017): Illuminate\Routing\Router->findRoute(Object(Illuminate\Http\Request))
#2 /home/phpindex/laravel-blog/vendor/laravel/framework/src/Illuminate/Routing/Router.php(996): Illuminate\Routing\Router->dispatchToRoute(Object(Illuminate\Http\Request))
#3 /home/phpindex/laravel-blog/vendor/laravel/framework/src/Illuminate/Foundation/Application.php(775): Illuminate\Routing\Router->dispatch(Object(Illuminate\Http\Request))
#4 /home/phpindex/laravel-blog/vendor/laravel/framework/src/Illuminate/Foundation/Application.php(745): Illuminate\Foundation\Application->dispatch(Object(Illuminate\Http\Request))
#5 /home/phpindex/laravel-blog/vendor/laravel/framework/src/Illuminate/Session/Middleware.php(72): Illuminate\Foundation\Application->handle(Object(Illuminate\Http\Request), 1, true)
#6 /home/phpindex/laravel-blog/vendor/laravel/framework/src/Illuminate/Cookie/Queue.php(47): Illuminate\Session\Middleware->handle(Object(Illuminate\Http\Request), 1, true)
#7 /home/phpindex/laravel-blog/vendor/laravel/framework/src/Illuminate/Cookie/Guard.php(51): Illuminate\Cookie\Queue->handle(Object(Illuminate\Http\Request), 1, true)
#8 /home/phpindex/laravel-blog/vendor/stack/builder/src/Stack/StackedHttpKernel.php(23): Illuminate\Cookie\Guard->handle(Object(Illuminate\Http\Request), 1, true)
#9 /home/phpindex/laravel-blog/vendor/laravel/framework/src/Illuminate/Foundation/Application.php(641): Stack\StackedHttpKernel->handle(Object(Illuminate\Http\Request))
#10 /home/phpindex/laravel-blog/public/index.php(49): Illuminate\Foundation\Application->run()
#11 {main} [] []
[2016-07-28 06:51:02] production.ERROR: exception 'Symfony\Component\HttpKernel\Exception\NotFoundHttpException' in /home/phpindex/laravel-blog/vendor/laravel/framework/src/Illuminate/Routing/RouteCollection.php:148
Stack trace:
#0 /home/phpindex/laravel-blog/vendor/laravel/framework/src/Illuminate/Routing/Router.php(1049): Illuminate\Routing\RouteCollection->match(Object(Illuminate\Http\Request))
#1 /home/phpindex/laravel-blog/vendor/laravel/framework/src/Illuminate/Routing/Router.php(1017): Illuminate\Routing\Router->findRoute(Object(Illuminate\Http\Request))
#2 /home/phpindex/laravel-blog/vendor/laravel/framework/src/Illuminate/Routing/Router.php(996): Illuminate\Routing\Router->dispatchToRoute(Object(Illuminate\Http\Request))
#3 /home/phpindex/laravel-blog/vendor/laravel/framework/src/Illuminate/Foundation/Application.php(775): Illuminate\Routing\Router->dispatch(Object(Illuminate\Http\Request))
#4 /home/phpindex/laravel-blog/vendor/laravel/framework/src/Illuminate/Foundation/Application.php(745): Illuminate\Foundation\Application->dispatch(Object(Illuminate\Http\Request))
#5 /home/phpindex/laravel-blog/vendor/laravel/framework/src/Illuminate/Session/Middleware.php(72): Illuminate\Foundation\Application->handle(Object(Illuminate\Http\Request), 1, true)
#6 /home/phpindex/laravel-blog/vendor/laravel/framework/src/Illuminate/Cookie/Queue.php(47): Illuminate\Session\Middleware->handle(Object(Illuminate\Http\Request), 1, true)
#7 /home/phpindex/laravel-blog/vendor/laravel/framework/src/Illuminate/Cookie/Guard.php(51): Illuminate\Cookie\Queue->handle(Object(Illuminate\Http\Request), 1, true)
#8 /home/phpindex/laravel-blog/vendor/stack/builder/src/Stack/StackedHttpKernel.php(23): Illuminate\Cookie\Guard->handle(Object(Illuminate\Http\Request), 1, true)
#9 /home/phpindex/laravel-blog/vendor/laravel/framework/src/Illuminate/Foundation/Application.php(641): Stack\StackedHttpKernel->handle(Object(Illuminate\Http\Request))
#10 /home/phpindex/laravel-blog/public/index.php(49): Illuminate\Foundation\Application->run()
#11 {main} [] []
[2016-07-28 16:14:46] production.ERROR: exception 'Symfony\Component\HttpKernel\Exception\NotFoundHttpException' in /home/phpindex/laravel-blog/vendor/laravel/framework/src/Illuminate/Routing/RouteCollection.php:148
Stack trace:
#0 /home/phpindex/laravel-blog/vendor/laravel/framework/src/Illuminate/Routing/Router.php(1049): Illuminate\Routing\RouteCollection->match(Object(Illuminate\Http\Request))
#1 /home/phpindex/laravel-blog/vendor/laravel/framework/src/Illuminate/Routing/Router.php(1017): Illuminate\Routing\Router->findRoute(Object(Illuminate\Http\Request))
#2 /home/phpindex/laravel-blog/vendor/laravel/framework/src/Illuminate/Routing/Router.php(996): Illuminate\Routing\Router->dispatchToRoute(Object(Illuminate\Http\Request))
#3 /home/phpindex/laravel-blog/vendor/laravel/framework/src/Illuminate/Foundation/Application.php(775): Illuminate\Routing\Router->dispatch(Object(Illuminate\Http\Request))
#4 /home/phpindex/laravel-blog/vendor/laravel/framework/src/Illuminate/Foundation/Application.php(745): Illuminate\Foundation\Application->dispatch(Object(Illuminate\Http\Request))
#5 /home/phpindex/laravel-blog/vendor/laravel/framework/src/Illuminate/Session/Middleware.php(72): Illuminate\Foundation\Application->handle(Object(Illuminate\Http\Request), 1, true)
#6 /home/phpindex/laravel-blog/vendor/laravel/framework/src/Illuminate/Cookie/Queue.php(47): Illuminate\Session\Middleware->handle(Object(Illuminate\Http\Request), 1, true)
#7 /home/phpindex/laravel-blog/vendor/laravel/framework/src/Illuminate/Cookie/Guard.php(51): Illuminate\Cookie\Queue->handle(Object(Illuminate\Http\Request), 1, true)
#8 /home/phpindex/laravel-blog/vendor/stack/builder/src/Stack/StackedHttpKernel.php(23): Illuminate\Cookie\Guard->handle(Object(Illuminate\Http\Request), 1, true)
#9 /home/phpindex/laravel-blog/vendor/laravel/framework/src/Illuminate/Foundation/Application.php(641): Stack\StackedHttpKernel->handle(Object(Illuminate\Http\Request))
#10 /home/phpindex/laravel-blog/public/index.php(49): Illuminate\Foundation\Application->run()
#11 {main} [] []
[2016-07-29 00:47:57] production.ERROR: exception 'Symfony\Component\HttpKernel\Exception\NotFoundHttpException' in /home/phpindex/laravel-blog/vendor/laravel/framework/src/Illuminate/Routing/RouteCollection.php:148
Stack trace:
#0 /home/phpindex/laravel-blog/vendor/laravel/framework/src/Illuminate/Routing/Router.php(1049): Illuminate\Routing\RouteCollection->match(Object(Illuminate\Http\Request))
#1 /home/phpindex/laravel-blog/vendor/laravel/framework/src/Illuminate/Routing/Router.php(1017): Illuminate\Routing\Router->findRoute(Object(Illuminate\Http\Request))
#2 /home/phpindex/laravel-blog/vendor/laravel/framework/src/Illuminate/Routing/Router.php(996): Illuminate\Routing\Router->dispatchToRoute(Object(Illuminate\Http\Request))
#3 /home/phpindex/laravel-blog/vendor/laravel/framework/src/Illuminate/Foundation/Application.php(775): Illuminate\Routing\Router->dispatch(Object(Illuminate\Http\Request))
#4 /home/phpindex/laravel-blog/vendor/laravel/framework/src/Illuminate/Foundation/Application.php(745): Illuminate\Foundation\Application->dispatch(Object(Illuminate\Http\Request))
#5 /home/phpindex/laravel-blog/vendor/laravel/framework/src/Illuminate/Session/Middleware.php(72): Illuminate\Foundation\Application->handle(Object(Illuminate\Http\Request), 1, true)
#6 /home/phpindex/laravel-blog/vendor/laravel/framework/src/Illuminate/Cookie/Queue.php(47): Illuminate\Session\Middleware->handle(Object(Illuminate\Http\Request), 1, true)
#7 /home/phpindex/laravel-blog/vendor/laravel/framework/src/Illuminate/Cookie/Guard.php(51): Illuminate\Cookie\Queue->handle(Object(Illuminate\Http\Request), 1, true)
#8 /home/phpindex/laravel-blog/vendor/stack/builder/src/Stack/StackedHttpKernel.php(23): Illuminate\Cookie\Guard->handle(Object(Illuminate\Http\Request), 1, true)
#9 /home/phpindex/laravel-blog/vendor/laravel/framework/src/Illuminate/Foundation/Application.php(641): Stack\StackedHttpKernel->handle(Object(Illuminate\Http\Request))
#10 /home/phpindex/laravel-blog/public/index.php(49): Illuminate\Foundation\Application->run()
#11 {main} [] []
